<?xml version="1.0" encoding="UTF-8"?>
<!-- Generated by org.testng.reporters.JUnitXMLReporter -->
<testsuite ignored="0" hostname="NeelPC" failures="0" tests="3" name="Default test" time="17.516" errors="0" timestamp="2021-10-15T15:27:30 IST">
  <testcase classname="selenium.TestringAssignment1.GoibiboHomePage" name="selectCity" time="0.855"/>
  <testcase classname="selenium.TestringAssignment1.GoibiboHomePage" name="selectDateAndPeople" time="5.797"/>
  <testcase classname="selenium.TestringAssignment1.GoibiboHomePage" name="searchHotel" time="0.962"/>
</testsuite> <!-- Default test -->
