<?xml version="1.0" encoding="UTF-8"?>
<!-- Generated by org.testng.reporters.JUnitXMLReporter -->
<testsuite ignored="0" hostname="NeelPC" failures="0" tests="3" name="Test" time="17.523" errors="0" timestamp="2021-10-15T15:35:30 IST">
  <testcase classname="selenium.TestringAssignment1.GoibiboHomePage" name="selectCity" time="0.735"/>
  <testcase classname="selenium.TestringAssignment1.GoibiboHomePage" name="selectDateAndPeople" time="6.627"/>
  <testcase classname="selenium.TestringAssignment1.GoibiboHomePage" name="searchHotel" time="0.517"/>
</testsuite> <!-- Test -->
