<?xml version="1.0" encoding="UTF-8"?>
<testng-results ignored="0" total="1" passed="1" failed="0" skipped="0">
  <reporter-output>
  </reporter-output>
  <suite started-at="2021-10-14T22:43:43 IST" name="Surefire suite" finished-at="2021-10-14T22:43:43 IST" duration-ms="171">
    <groups>
    </groups>
    <test started-at="2021-10-14T22:43:43 IST" name="Surefire test" finished-at="2021-10-14T22:43:43 IST" duration-ms="171">
      <class name="selenium.TestringAssignment1.AppTest">
        <test-method signature="shouldAnswerWithTrue()" started-at="2021-10-14T22:43:43 IST" name="shouldAnswerWithTrue" finished-at="2021-10-14T22:43:43 IST" duration-ms="37" status="PASS">
          <reporter-output>
          </reporter-output>
        </test-method> <!-- shouldAnswerWithTrue -->
      </class> <!-- selenium.TestringAssignment1.AppTest -->
    </test> <!-- Surefire test -->
  </suite> <!-- Surefire suite -->
</testng-results>
