<?xml version="1.0" encoding="UTF-8"?>
<testng-results ignored="0" total="3" passed="3" failed="0" skipped="0">
  <reporter-output>
  </reporter-output>
  <suite started-at="2021-10-15T15:35:12 IST" name="Suite" finished-at="2021-10-15T15:35:30 IST" duration-ms="17523">
    <groups>
    </groups>
    <test started-at="2021-10-15T15:35:12 IST" name="Test" finished-at="2021-10-15T15:35:30 IST" duration-ms="17523">
      <class name="selenium.TestringAssignment1.GoibiboHomePage">
        <test-method is-config="true" signature="setUp()[pri:0, instance:selenium.TestringAssignment1.GoibiboHomePage@55f616cf]" started-at="2021-10-15T15:35:12 IST" name="setUp" finished-at="2021-10-15T15:35:21 IST" duration-ms="9101" status="PASS">
          <reporter-output>
          </reporter-output>
        </test-method> <!-- setUp -->
        <test-method signature="selectCity()[pri:1, instance:selenium.TestringAssignment1.GoibiboHomePage@55f616cf]" started-at="2021-10-15T15:35:21 IST" name="selectCity" finished-at="2021-10-15T15:35:22 IST" duration-ms="735" status="PASS">
          <reporter-output>
          </reporter-output>
        </test-method> <!-- selectCity -->
        <test-method signature="selectDateAndPeople()[pri:2, instance:selenium.TestringAssignment1.GoibiboHomePage@55f616cf]" started-at="2021-10-15T15:35:22 IST" name="selectDateAndPeople" finished-at="2021-10-15T15:35:29 IST" duration-ms="6627" status="PASS">
          <reporter-output>
          </reporter-output>
        </test-method> <!-- selectDateAndPeople -->
        <test-method signature="searchHotel()[pri:3, instance:selenium.TestringAssignment1.GoibiboHomePage@55f616cf]" started-at="2021-10-15T15:35:29 IST" name="searchHotel" finished-at="2021-10-15T15:35:29 IST" duration-ms="517" status="PASS">
          <reporter-output>
          </reporter-output>
        </test-method> <!-- searchHotel -->
        <test-method is-config="true" signature="setDown()[pri:0, instance:selenium.TestringAssignment1.GoibiboHomePage@55f616cf]" started-at="2021-10-15T15:35:29 IST" name="setDown" finished-at="2021-10-15T15:35:30 IST" duration-ms="468" status="PASS">
          <reporter-output>
          </reporter-output>
        </test-method> <!-- setDown -->
      </class> <!-- selenium.TestringAssignment1.GoibiboHomePage -->
    </test> <!-- Test -->
  </suite> <!-- Suite -->
</testng-results>
